22:59:33.293 [main                     ] DEBUG Logger               - Configured Logger
22:59:33.325 [main                     ] DEBUG GameApplication      - Logging settings
Title: knight
Version: 0.1
Width: 1280
Height: 768
Fullscreen: false
Intro: false
Profiling: false
Single step:false
App Mode: DEVELOPER
Menu Key: ESCAPE
Stage Style: DECORATED
Scene Factory: class com.almasb.fxgl.app.scene.SceneFactory

22:59:34.091 [JavaFX Application Thread] DEBUG FXGLApplication      - Initializing FXGL
22:59:34.098 [JavaFX Application Thread] INFO  Engine               - FXGL-11.17 (16.07.2021 15.46) on WINDOWS (J:11.0.12 FX:19)
22:59:34.098 [JavaFX Application Thread] DEBUG Engine               - JRE Vendor Name: JetBrains s.r.o.
22:59:34.098 [JavaFX Application Thread] DEBUG Engine               - Running on OS: Windows 10 version 10.0
22:59:34.098 [JavaFX Application Thread] DEBUG Engine               - Architecture: amd64
22:59:34.098 [JavaFX Application Thread] INFO  Engine               - Source code and latest versions at: https://github.com/AlmasB/FXGL
22:59:34.099 [JavaFX Application Thread] INFO  Engine               -              Join the FXGL chat at: https://gitter.im/AlmasB/FXGL
22:59:34.265 [JavaFX Application Thread] DEBUG PrimaryStageWindow   - Creating a JavaFX scene
22:59:34.330 [JavaFX Application Thread] DEBUG PrimaryStageWindow   - Target settings size: 1280.0 x 768.0
22:59:34.330 [JavaFX Application Thread] DEBUG PrimaryStageWindow   - Scaled scene size:    1280.0 x 768.0
22:59:34.330 [JavaFX Application Thread] DEBUG PrimaryStageWindow   - Scaled ratio: (1.0, 1.0)
22:59:34.331 [JavaFX Application Thread] DEBUG PrimaryStageWindow   - Set initial scene to FXGLStartupScene
22:59:34.334 [JavaFX Application Thread] DEBUG PrimaryStageWindow   - Opening main window
22:59:34.437 [JavaFX Application Thread] DEBUG PrimaryStageWindow   - Window border size: (14.4000244140625, 37.5999755859375)
22:59:34.438 [JavaFX Application Thread] DEBUG PrimaryStageWindow   - Scaled size: 1280.0 x 768.0
22:59:34.438 [JavaFX Application Thread] DEBUG PrimaryStageWindow   - Scaled ratio: (1.0, 1.0)
22:59:34.438 [JavaFX Application Thread] DEBUG PrimaryStageWindow   - Scene size: 1280.0 x 768.0
22:59:34.438 [JavaFX Application Thread] DEBUG PrimaryStageWindow   - Stage size: 1294.4000244140625 x 805.5999755859375
22:59:34.450 [FXGL Background Thread 1 ] DEBUG Engine               - Initializing environment variables
22:59:34.556 [FXGL Background Thread 1 ] DEBUG FXGLAssetLoaderServi - User app class for loading assets: class com.backinfile.knight.GameLauncher
22:59:34.556 [FXGL Background Thread 1 ] DEBUG GameApplicationServi - Applying CSS: fxgl_dark.css
22:59:34.557 [FXGL Background Thread 1 ] DEBUG FXGLAssetLoaderServi - Loading from file system: jar:file:/C:/Users/backinfile/.gradle/caches/modules-2/files-2.1/com.github.almasb/fxgl/11.17/206906ee5d1b948952e85fe43e36ee9a9a6dea00/fxgl-11.17.jar!/fxglassets/ui/css/fxgl_dark.css
22:59:34.609 [FXGL Background Thread 1 ] DEBUG GameApplicationServi - Initializing application scenes
22:59:34.754 [FXGL Background Thread 1 ] DEBUG GameWorld            - Game world initialized
22:59:34.808 [FXGL Background Thread 1 ] DEBUG PhysicsWorld         - Physics world initialized: appHeight=768, physics.ppm=50.0
22:59:34.808 [FXGL Background Thread 1 ] DEBUG PhysicsWorld         - Using strategy: BRUTE_FORCE
22:59:34.810 [FXGL Background Thread 1 ] DEBUG GameScene            - Game scene initialized: 1280x768
22:59:34.822 [FXGL Background Thread 1 ] DEBUG FXGL.DefaultMenu     - createMenuBodyGameMenu()
22:59:34.843 [FXGL Background Thread 1 ] DEBUG FXGL.DefaultMenu     - createOptionsMenu()
22:59:34.854 [FXGL Background Thread 1 ] DEBUG FXGLAssetLoaderServi - Loading from file system: jar:file:/C:/Users/backinfile/.gradle/caches/modules-2/files-2.1/com.github.almasb/fxgl/11.17/206906ee5d1b948952e85fe43e36ee9a9a6dea00/fxgl-11.17.jar!/fxglassets/textures/particles/smoke.png
22:59:34.941 [FXGL Background Thread 1 ] DEBUG FXGLAssetLoaderServi - Loading from file system: jar:file:/C:/Users/backinfile/.gradle/caches/modules-2/files-2.1/com.github.almasb/fxgl/11.17/206906ee5d1b948952e85fe43e36ee9a9a6dea00/fxgl-11.17.jar!/fxglassets/textures/particles/trace_horizontal.png
22:59:34.966 [FXGL Background Thread 1 ] DEBUG GameApplicationServi - Application scenes initialized
22:59:34.982 [FXGL Background Thread 1 ] DEBUG SystemBundleService  - Loading default FXGL system data
22:59:34.983 [FXGL Background Thread 1 ] DEBUG UpdaterService       - Checking for updates
22:59:34.986 [FXGL Background Thread 4 ] DEBUG FXGLApplication      - Loading fonts
22:59:34.986 [FXGL Background Thread 1 ] DEBUG FXGLApplication      - Loading default localization
22:59:34.987 [FXGL Background Thread 4 ] DEBUG FXGLAssetLoaderServi - Loading from file system: jar:file:/C:/Users/backinfile/.gradle/caches/modules-2/files-2.1/com.github.almasb/fxgl/11.17/206906ee5d1b948952e85fe43e36ee9a9a6dea00/fxgl-11.17.jar!/fxglassets/ui/fonts/VarelaRound-Regular.ttf
22:59:34.987 [FXGL Background Thread 1 ] DEBUG FXGLAssetLoaderServi - Loading from file system: jar:file:/C:/Users/backinfile/.gradle/caches/modules-2/files-2.1/com.github.almasb/fxgl/11.17/206906ee5d1b948952e85fe43e36ee9a9a6dea00/fxgl-11.17.jar!/fxglassets/languages/english.lang
22:59:35.002 [FXGL Background Thread 1 ] INFO  FXGLApplication      - FXGL initialization took: 0.553 sec
22:59:35.004 [JavaFX Application Thread] DEBUG FXGLAssetLoaderServi - Loading from file system: jar:file:/C:/Users/backinfile/.gradle/caches/modules-2/files-2.1/com.github.almasb/fxgl/11.17/206906ee5d1b948952e85fe43e36ee9a9a6dea00/fxgl-11.17.jar!/fxglassets/textures/fxgl_icon.png
22:59:35.029 [JavaFX Application Thread] DEBUG FXGLAssetLoaderServi - Loading from file system: jar:file:/C:/Users/backinfile/.gradle/caches/modules-2/files-2.1/com.github.almasb/fxgl/11.17/206906ee5d1b948952e85fe43e36ee9a9a6dea00/fxgl-11.17.jar!/fxglassets/textures/fxgl_default_cursor.png
22:59:35.042 [JavaFX Application Thread] DEBUG Input                - Registered new binding: Screenshot - CTRL+8
22:59:35.043 [JavaFX Application Thread] DEBUG Input                - Registered new binding: System info dump - CTRL+9
22:59:35.043 [JavaFX Application Thread] DEBUG Input                - Registered new binding: Restart - CTRL+R
22:59:35.044 [JavaFX Application Thread] DEBUG Input                - Registered new binding: Toggle Debug Camera - CTRL+C
22:59:35.046 [JavaFX Application Thread] DEBUG LoopRunner           - Starting loop
22:59:35.046 [JavaFX Application Thread] DEBUG LoopRunner           - Initializing JavaFX AnimationTimerLoop
22:59:35.048 [JavaFX Application Thread] DEBUG GameApplicationServi - Starting new game
22:59:35.049 [JavaFX Application Thread] DEBUG Input                - Clearing active input actions
22:59:35.062 [JavaFX Application Thread] DEBUG GameApplicationServi - Removing overlay from FXGLStartupScene and adding to FXGLLoadingScene
22:59:35.062 [JavaFX Application Thread] DEBUG PrimaryStageWindow   - FXGLStartupScene -> FXGLLoadingScene
22:59:35.062 [JavaFX Application Thread] DEBUG GameApplicationServi - Clearing previous game
22:59:35.063 [JavaFX Application Thread] DEBUG GameScene            - Clearing game scene
22:59:35.063 [JavaFX Application Thread] DEBUG GameWorld            - Clearing game world
22:59:35.063 [JavaFX Application Thread] DEBUG PhysicsWorld         - Clearing physics world
22:59:35.064 [FXGL Background Thread 1 ] DEBUG FXGLApplication      - Initializing game
22:59:35.830 [FXGL Background Thread 4 ] DEBUG FXGLAssetLoaderServi - Loading from file system: jar:file:/C:/Users/backinfile/.gradle/caches/modules-2/files-2.1/com.github.almasb/fxgl/11.17/206906ee5d1b948952e85fe43e36ee9a9a6dea00/fxgl-11.17.jar!/fxglassets/ui/fonts/Abel-Regular.ttf
22:59:35.837 [FXGL Background Thread 4 ] DEBUG FXGLAssetLoaderServi - Loading from file system: jar:file:/C:/Users/backinfile/.gradle/caches/modules-2/files-2.1/com.github.almasb/fxgl/11.17/206906ee5d1b948952e85fe43e36ee9a9a6dea00/fxgl-11.17.jar!/fxglassets/ui/fonts/lucida_console.ttf
22:59:35.837 [FXGL Background Thread 1 ] INFO  FXGLApplication      - Game initialization took: 0.772 sec
22:59:35.837 [JavaFX Application Thread] DEBUG Input                - Clearing active input actions
22:59:35.843 [FXGL Background Thread 4 ] DEBUG FXGLAssetLoaderServi - Loading from file system: jar:file:/C:/Users/backinfile/.gradle/caches/modules-2/files-2.1/com.github.almasb/fxgl/11.17/206906ee5d1b948952e85fe43e36ee9a9a6dea00/fxgl-11.17.jar!/fxglassets/ui/fonts/Courier-Prime.ttf
22:59:35.846 [JavaFX Application Thread] DEBUG GameApplicationServi - Removing overlay from FXGLLoadingScene and adding to GameScene
22:59:35.846 [JavaFX Application Thread] DEBUG PrimaryStageWindow   - FXGLLoadingScene -> GameScene
22:59:35.867 [JavaFX Application Thread] DEBUG FXGLApplication      - Registering font factories with UI factory
22:59:36.824 [JavaFX Application Thread] DEBUG FXGLAssetLoaderServi - Loading from file system: file:/C:/Github/KnightRougeCardGame/build/resources/main/assets/textures/fire_tmp_1.png
22:59:36.863 [JavaFX Application Thread] DEBUG FXGLAssetLoaderServi - Loading from file system: file:/C:/Github/KnightRougeCardGame/build/resources/main/assets/textures/edge_1.png
22:59:36.866 [JavaFX Application Thread] DEBUG FXGLAssetLoaderServi - Loading from file system: file:/C:/Github/KnightRougeCardGame/build/resources/main/assets/textures/mana_1.png
22:59:37.985 [FXGL Background Thread 3 ] DEBUG Engine               - Logging environment variables
22:59:37.985 [FXGL Background Thread 3 ] DEBUG Engine               - achievements: []
22:59:37.985 [FXGL Background Thread 3 ] DEBUG Engine               - actualHeight: 768.0
22:59:37.986 [FXGL Background Thread 3 ] DEBUG Engine               - actualHeightProperty: ReadOnlyDoubleProperty [value: 768.0]
22:59:37.986 [FXGL Background Thread 3 ] DEBUG Engine               - actualWidth: 1280.0
22:59:37.986 [FXGL Background Thread 3 ] DEBUG Engine               - actualWidthProperty: ReadOnlyDoubleProperty [value: 1280.0]
22:59:37.986 [FXGL Background Thread 3 ] DEBUG Engine               - appIcon: fxgl_icon.png
22:59:37.986 [FXGL Background Thread 3 ] DEBUG Engine               - applicationMode: DEVELOPER
22:59:37.986 [FXGL Background Thread 3 ] DEBUG Engine               - cSSList: [fxgl_dark.css]
22:59:37.986 [FXGL Background Thread 3 ] DEBUG Engine               - collisionDetectionStrategy: BRUTE_FORCE
22:59:37.986 [FXGL Background Thread 3 ] DEBUG Engine               - configClass: Optional.empty
22:59:37.986 [FXGL Background Thread 3 ] DEBUG Engine               - credits: []
22:59:37.986 [FXGL Background Thread 3 ] DEBUG Engine               - defaultCursor: CursorInfo(imageName=fxgl_default_cursor.png, hotspotX=7.0, hotspotY=6.0)
22:59:37.986 [FXGL Background Thread 3 ] DEBUG Engine               - devBBoxColorProperty: ObjectProperty [value: 0xff0000ff]
22:59:37.987 [FXGL Background Thread 3 ] DEBUG Engine               - devEnableDebugCameraProperty: BooleanProperty [value: false]
22:59:37.987 [FXGL Background Thread 3 ] DEBUG Engine               - devSensorColorProperty: ObjectProperty [value: 0xffff00ff]
22:59:37.987 [FXGL Background Thread 3 ] DEBUG Engine               - devShowBBoxProperty: BooleanProperty [value: false]
22:59:37.987 [FXGL Background Thread 3 ] DEBUG Engine               - devShowPositionProperty: BooleanProperty [value: false]
22:59:37.987 [FXGL Background Thread 3 ] DEBUG Engine               - enabledMenuItems: []
22:59:37.987 [FXGL Background Thread 3 ] DEBUG Engine               - engineServices: [class com.almasb.fxgl.app.services.FXGLAssetLoaderService, class com.almasb.fxgl.app.FXGLApplication$GameApplicationService, class com.almasb.fxgl.app.services.FXGLDialogService, class com.almasb.fxgl.app.services.IOTaskExecutorService, class com.almasb.fxgl.io.FileSystemService, class com.almasb.fxgl.localization.LocalizationService, class com.almasb.fxgl.app.services.SystemBundleService, class com.almasb.fxgl.profile.SaveLoadService, class com.almasb.fxgl.ui.FXGLUIFactoryServiceProvider, class com.almasb.fxgl.ui.FXGLDialogFactoryServiceProvider, class com.almasb.fxgl.audio.AudioPlayer, class com.almasb.fxgl.notification.impl.NotificationServiceProvider, class com.almasb.fxgl.achievement.AchievementService, class com.almasb.fxgl.cutscene.CutsceneService, class com.almasb.fxgl.minigames.MiniGameService, class com.almasb.fxgl.net.NetService, class com.almasb.fxgl.app.services.UpdaterService, class com.almasb.fxgl.dev.DevService]
22:59:37.987 [FXGL Background Thread 3 ] DEBUG Engine               - fontGame: Abel-Regular.ttf
22:59:37.987 [FXGL Background Thread 3 ] DEBUG Engine               - fontMono: lucida_console.ttf
22:59:37.987 [FXGL Background Thread 3 ] DEBUG Engine               - fontText: Courier-Prime.ttf
22:59:37.987 [FXGL Background Thread 3 ] DEBUG Engine               - fontUI: VarelaRound-Regular.ttf
22:59:37.988 [FXGL Background Thread 3 ] DEBUG Engine               - fullScreen: BooleanProperty [value: false]
22:59:37.988 [FXGL Background Thread 3 ] DEBUG Engine               - gameDifficulty: MEDIUM
22:59:37.988 [FXGL Background Thread 3 ] DEBUG Engine               - gameDifficultyProperty: ObjectProperty [value: MEDIUM]
22:59:37.988 [FXGL Background Thread 3 ] DEBUG Engine               - globalMusicVolume: 0.5
22:59:37.988 [FXGL Background Thread 3 ] DEBUG Engine               - globalMusicVolumeProperty: DoubleProperty [value: 0.5]
22:59:37.988 [FXGL Background Thread 3 ] DEBUG Engine               - globalSoundVolume: 0.5
22:59:37.988 [FXGL Background Thread 3 ] DEBUG Engine               - globalSoundVolumeProperty: DoubleProperty [value: 0.5]
22:59:37.988 [FXGL Background Thread 3 ] DEBUG Engine               - height: 768
22:59:37.988 [FXGL Background Thread 3 ] DEBUG Engine               - is3D: false
22:59:37.988 [FXGL Background Thread 3 ] DEBUG Engine               - isAndroid: false
22:59:37.988 [FXGL Background Thread 3 ] DEBUG Engine               - isBrowser: false
22:59:37.988 [FXGL Background Thread 3 ] DEBUG Engine               - isClickFeedbackEnabled: false
22:59:37.988 [FXGL Background Thread 3 ] DEBUG Engine               - isCloseConfirmation: false
22:59:37.988 [FXGL Background Thread 3 ] DEBUG Engine               - isDesktop: true
22:59:37.988 [FXGL Background Thread 3 ] DEBUG Engine               - isDeveloperMenuEnabled: false
22:59:37.988 [FXGL Background Thread 3 ] DEBUG Engine               - isEntityPreloadEnabled: true
22:59:37.988 [FXGL Background Thread 3 ] DEBUG Engine               - isExperimentalTiledLargeMap: false
22:59:37.988 [FXGL Background Thread 3 ] DEBUG Engine               - isFileSystemWriteAllowed: true
22:59:37.989 [FXGL Background Thread 3 ] DEBUG Engine               - isFullScreenAllowed: false
22:59:37.989 [FXGL Background Thread 3 ] DEBUG Engine               - isFullScreenFromStart: false
22:59:37.989 [FXGL Background Thread 3 ] DEBUG Engine               - isGameMenuEnabled: true
22:59:37.989 [FXGL Background Thread 3 ] DEBUG Engine               - isIOS: false
22:59:37.989 [FXGL Background Thread 3 ] DEBUG Engine               - isIntroEnabled: false
22:59:37.989 [FXGL Background Thread 3 ] DEBUG Engine               - isLinux: false
22:59:37.989 [FXGL Background Thread 3 ] DEBUG Engine               - isMac: false
22:59:37.989 [FXGL Background Thread 3 ] DEBUG Engine               - isMainMenuEnabled: false
22:59:37.989 [FXGL Background Thread 3 ] DEBUG Engine               - isManualResizeEnabled: false
22:59:37.989 [FXGL Background Thread 3 ] DEBUG Engine               - isMobile: false
22:59:37.989 [FXGL Background Thread 3 ] DEBUG Engine               - isNative: false
22:59:37.989 [FXGL Background Thread 3 ] DEBUG Engine               - isPauseMusicWhenMinimized: true
22:59:37.989 [FXGL Background Thread 3 ] DEBUG Engine               - isPreserveResizeRatio: false
22:59:37.989 [FXGL Background Thread 3 ] DEBUG Engine               - isProfilingEnabled: false
22:59:37.989 [FXGL Background Thread 3 ] DEBUG Engine               - isScaleAffectedOnResize: true
22:59:37.989 [FXGL Background Thread 3 ] DEBUG Engine               - isSingleStep: false
22:59:37.989 [FXGL Background Thread 3 ] DEBUG Engine               - isUserProfileEnabled: false
22:59:37.990 [FXGL Background Thread 3 ] DEBUG Engine               - isWindows: true
22:59:37.990 [FXGL Background Thread 3 ] DEBUG Engine               - language: ObjectProperty [value: ENGLISH]
22:59:37.990 [FXGL Background Thread 3 ] DEBUG Engine               - menuKey: ESCAPE
22:59:37.990 [FXGL Background Thread 3 ] DEBUG Engine               - mouseSensitivity: 0.2
22:59:37.990 [FXGL Background Thread 3 ] DEBUG Engine               - notificationViewClass: class com.almasb.fxgl.notification.view.XboxNotificationView
22:59:37.990 [FXGL Background Thread 3 ] DEBUG Engine               - pixelsPerMeter: 50.0
22:59:37.990 [FXGL Background Thread 3 ] DEBUG Engine               - platform: WINDOWS
22:59:37.990 [FXGL Background Thread 3 ] DEBUG Engine               - prefHeightProperty: ReadOnlyDoubleProperty [value: 768.0]
22:59:37.990 [FXGL Background Thread 3 ] DEBUG Engine               - prefWidthProperty: ReadOnlyDoubleProperty [value: 1280.0]
22:59:37.990 [FXGL Background Thread 3 ] DEBUG Engine               - profileDir: profiles/
22:59:37.990 [FXGL Background Thread 3 ] DEBUG Engine               - profileName: StringProperty [value: DEFAULT]
22:59:37.990 [FXGL Background Thread 3 ] DEBUG Engine               - randomSeed: -1
22:59:37.990 [FXGL Background Thread 3 ] DEBUG Engine               - runtimeInfo: RuntimeInfo(platform=WINDOWS, version=11.17, build=16.07.2021 15.46)
22:59:37.990 [FXGL Background Thread 3 ] DEBUG Engine               - saveFileExt: sav
22:59:37.990 [FXGL Background Thread 3 ] DEBUG Engine               - scaledHeightProp$fxgl: DoubleProperty [bound, value: 768.0]
22:59:37.990 [FXGL Background Thread 3 ] DEBUG Engine               - scaledWidthProp$fxgl: DoubleProperty [bound, value: 1280.0]
22:59:37.990 [FXGL Background Thread 3 ] DEBUG Engine               - sceneFactory: com.almasb.fxgl.app.scene.SceneFactory@5978c438
22:59:37.990 [FXGL Background Thread 3 ] DEBUG Engine               - secondsIn24h: 60
22:59:37.990 [FXGL Background Thread 3 ] DEBUG Engine               - soundMenuBack: menu/back.wav
22:59:37.991 [FXGL Background Thread 3 ] DEBUG Engine               - soundMenuPress: menu/press.wav
22:59:37.991 [FXGL Background Thread 3 ] DEBUG Engine               - soundMenuSelect: menu/select.wav
22:59:37.991 [FXGL Background Thread 3 ] DEBUG Engine               - soundNotification: core/notification.wav
22:59:37.991 [FXGL Background Thread 3 ] DEBUG Engine               - stageStyle: DECORATED
22:59:37.991 [FXGL Background Thread 3 ] DEBUG Engine               - supportedLanguages: [ENGLISH, FRENCH, GERMAN, HUNGARIAN, RUSSIAN]
22:59:37.991 [FXGL Background Thread 3 ] DEBUG Engine               - ticksPerSecond: -1
22:59:37.991 [FXGL Background Thread 3 ] DEBUG Engine               - title: knight
22:59:37.991 [FXGL Background Thread 3 ] DEBUG Engine               - urlGithub: https://github.com/AlmasB/FXGL
22:59:37.991 [FXGL Background Thread 3 ] DEBUG Engine               - urlLeaderboard: http://fxgl-top.herokuapp.com/
22:59:37.991 [FXGL Background Thread 3 ] DEBUG Engine               - urlPOM: https://raw.githubusercontent.com/AlmasB/FXGL/release/README.md
22:59:37.991 [FXGL Background Thread 3 ] DEBUG Engine               - userAppClass: class com.backinfile.knight.GameLauncher
22:59:37.991 [FXGL Background Thread 3 ] DEBUG Engine               - version: 0.1
22:59:37.991 [FXGL Background Thread 3 ] DEBUG Engine               - versionCheckDays: 7
22:59:37.991 [FXGL Background Thread 3 ] DEBUG Engine               - width: 1280
22:59:37.991 [FXGL Background Thread 3 ] DEBUG Engine               - Logging services
22:59:37.991 [FXGL Background Thread 3 ] DEBUG Engine               - class com.almasb.fxgl.app.services.FXGLAssetLoaderService
22:59:37.991 [FXGL Background Thread 3 ] DEBUG Engine               - class com.almasb.fxgl.app.FXGLApplication$GameApplicationService
22:59:37.991 [FXGL Background Thread 3 ] DEBUG Engine               - class com.almasb.fxgl.app.services.FXGLDialogService
22:59:37.991 [FXGL Background Thread 3 ] DEBUG Engine               - class com.almasb.fxgl.app.services.IOTaskExecutorService
22:59:37.991 [FXGL Background Thread 3 ] DEBUG Engine               - class com.almasb.fxgl.io.FileSystemService
22:59:37.991 [FXGL Background Thread 3 ] DEBUG Engine               - class com.almasb.fxgl.localization.LocalizationService
22:59:37.991 [FXGL Background Thread 3 ] DEBUG Engine               - class com.almasb.fxgl.app.services.SystemBundleService
22:59:37.992 [FXGL Background Thread 3 ] DEBUG Engine               - class com.almasb.fxgl.profile.SaveLoadService
22:59:37.992 [FXGL Background Thread 3 ] DEBUG Engine               - class com.almasb.fxgl.ui.FXGLUIFactoryServiceProvider
22:59:37.992 [FXGL Background Thread 3 ] DEBUG Engine               - class com.almasb.fxgl.ui.FXGLDialogFactoryServiceProvider
22:59:37.992 [FXGL Background Thread 3 ] DEBUG Engine               - class com.almasb.fxgl.audio.AudioPlayer
22:59:37.992 [FXGL Background Thread 3 ] DEBUG Engine               - class com.almasb.fxgl.notification.impl.NotificationServiceProvider
22:59:37.992 [FXGL Background Thread 3 ] DEBUG Engine               - class com.almasb.fxgl.achievement.AchievementService
22:59:37.992 [FXGL Background Thread 3 ] DEBUG Engine               - class com.almasb.fxgl.cutscene.CutsceneService
22:59:37.992 [FXGL Background Thread 3 ] DEBUG Engine               - class com.almasb.fxgl.minigames.MiniGameService
22:59:37.992 [FXGL Background Thread 3 ] DEBUG Engine               - class com.almasb.fxgl.net.NetService
22:59:37.992 [FXGL Background Thread 3 ] DEBUG Engine               - class com.almasb.fxgl.app.services.UpdaterService
22:59:37.992 [FXGL Background Thread 3 ] DEBUG Engine               - class com.almasb.fxgl.dev.DevService
23:00:01.197 [JavaFX Application Thread] DEBUG FXGLApplication      - Exiting FXGL
23:00:01.197 [JavaFX Application Thread] DEBUG LoopRunner           - Stopping loop
23:00:01.197 [JavaFX Application Thread] DEBUG SystemBundleService  - Saving FXGL system data
23:00:01.199 [JavaFX Application Thread] DEBUG FileSystemAccess     - Writing to: C:\Github\KnightRougeCardGame\src\main\resources\system\fxgl.bundle
23:00:01.203 [JavaFX Application Thread] DEBUG Async                - Shutting down background threads
23:00:01.203 [JavaFX Application Thread] DEBUG PrimaryStageWindow   - Closing main window
23:00:01.218 [JavaFX Application Thread] DEBUG Logger               - Closing Logger
