01:05:33.911 [main                     ] DEBUG Logger               - Configured Logger
01:05:33.942 [main                     ] DEBUG GameApplication      - Logging settings
Title: knight
Version: 0.1
Width: 1280
Height: 768
Fullscreen: false
Intro: false
Profiling: false
Single step:false
App Mode: DEVELOPER
Menu Key: ESCAPE
Stage Style: DECORATED
Scene Factory: class com.almasb.fxgl.app.scene.SceneFactory

01:05:34.558 [JavaFX Application Thread] DEBUG FXGLApplication      - Initializing FXGL
01:05:34.561 [JavaFX Application Thread] INFO  Engine               - FXGL-11.17 (16.07.2021 15.46) on WINDOWS (J:11.0.12 FX:19)
01:05:34.562 [JavaFX Application Thread] DEBUG Engine               - JRE Vendor Name: JetBrains s.r.o.
01:05:34.562 [JavaFX Application Thread] DEBUG Engine               - Running on OS: Windows 10 version 10.0
01:05:34.562 [JavaFX Application Thread] DEBUG Engine               - Architecture: amd64
01:05:34.562 [JavaFX Application Thread] INFO  Engine               - Source code and latest versions at: https://github.com/AlmasB/FXGL
01:05:34.562 [JavaFX Application Thread] INFO  Engine               -              Join the FXGL chat at: https://gitter.im/AlmasB/FXGL
01:05:34.690 [JavaFX Application Thread] DEBUG PrimaryStageWindow   - Creating a JavaFX scene
01:05:34.746 [JavaFX Application Thread] DEBUG PrimaryStageWindow   - Target settings size: 1280.0 x 768.0
01:05:34.747 [JavaFX Application Thread] DEBUG PrimaryStageWindow   - Scaled scene size:    1280.0 x 768.0
01:05:34.747 [JavaFX Application Thread] DEBUG PrimaryStageWindow   - Scaled ratio: (1.0, 1.0)
01:05:34.748 [JavaFX Application Thread] DEBUG PrimaryStageWindow   - Set initial scene to FXGLStartupScene
01:05:34.751 [JavaFX Application Thread] DEBUG PrimaryStageWindow   - Opening main window
01:05:34.851 [JavaFX Application Thread] DEBUG PrimaryStageWindow   - Window border size: (14.4000244140625, 37.5999755859375)
01:05:34.851 [JavaFX Application Thread] DEBUG PrimaryStageWindow   - Scaled size: 1280.0 x 768.0
01:05:34.852 [JavaFX Application Thread] DEBUG PrimaryStageWindow   - Scaled ratio: (1.0, 1.0)
01:05:34.852 [JavaFX Application Thread] DEBUG PrimaryStageWindow   - Scene size: 1280.0 x 768.0
01:05:34.852 [JavaFX Application Thread] DEBUG PrimaryStageWindow   - Stage size: 1294.4000244140625 x 805.5999755859375
01:05:34.860 [FXGL Background Thread 1 ] DEBUG Engine               - Initializing environment variables
01:05:34.954 [FXGL Background Thread 1 ] DEBUG FXGLAssetLoaderServi - User app class for loading assets: class com.backinfile.knight.GameLauncher
01:05:34.954 [FXGL Background Thread 1 ] DEBUG GameApplicationServi - Applying CSS: fxgl_dark.css
01:05:34.955 [FXGL Background Thread 1 ] DEBUG FXGLAssetLoaderServi - Loading from file system: jar:file:/C:/Users/backinfile/.gradle/caches/modules-2/files-2.1/com.github.almasb/fxgl/11.17/206906ee5d1b948952e85fe43e36ee9a9a6dea00/fxgl-11.17.jar!/fxglassets/ui/css/fxgl_dark.css
01:05:35.000 [FXGL Background Thread 1 ] DEBUG GameApplicationServi - Initializing application scenes
01:05:35.134 [FXGL Background Thread 1 ] DEBUG GameWorld            - Game world initialized
01:05:35.189 [FXGL Background Thread 1 ] DEBUG PhysicsWorld         - Physics world initialized: appHeight=768, physics.ppm=50.0
01:05:35.189 [FXGL Background Thread 1 ] DEBUG PhysicsWorld         - Using strategy: BRUTE_FORCE
01:05:35.192 [FXGL Background Thread 1 ] DEBUG GameScene            - Game scene initialized: 1280x768
01:05:35.203 [FXGL Background Thread 1 ] DEBUG FXGL.DefaultMenu     - createMenuBodyGameMenu()
01:05:35.221 [FXGL Background Thread 1 ] DEBUG FXGL.DefaultMenu     - createOptionsMenu()
01:05:35.230 [FXGL Background Thread 1 ] DEBUG FXGLAssetLoaderServi - Loading from file system: jar:file:/C:/Users/backinfile/.gradle/caches/modules-2/files-2.1/com.github.almasb/fxgl/11.17/206906ee5d1b948952e85fe43e36ee9a9a6dea00/fxgl-11.17.jar!/fxglassets/textures/particles/smoke.png
01:05:35.347 [FXGL Background Thread 1 ] DEBUG FXGLAssetLoaderServi - Loading from file system: jar:file:/C:/Users/backinfile/.gradle/caches/modules-2/files-2.1/com.github.almasb/fxgl/11.17/206906ee5d1b948952e85fe43e36ee9a9a6dea00/fxgl-11.17.jar!/fxglassets/textures/particles/trace_horizontal.png
01:05:35.387 [FXGL Background Thread 1 ] DEBUG GameApplicationServi - Application scenes initialized
01:05:35.397 [FXGL Background Thread 1 ] DEBUG SystemBundleService  - Loading FXGL system data
01:05:35.400 [FXGL Background Thread 1 ] DEBUG FileSystemAccess     - Reading from: C:\Github\KnightRougeCardGame\src\main\resources\system\fxgl.bundle
01:05:35.405 [FXGL Background Thread 1 ] DEBUG SystemBundleService  - Bundle FXGL: {}
01:05:35.405 [FXGL Background Thread 1 ] DEBUG UpdaterService       - Checking for updates
01:05:35.408 [FXGL Background Thread 4 ] DEBUG FXGLApplication      - Loading fonts
01:05:35.409 [FXGL Background Thread 1 ] DEBUG FXGLApplication      - Loading default localization
01:05:35.409 [FXGL Background Thread 4 ] DEBUG FXGLAssetLoaderServi - Loading from file system: jar:file:/C:/Users/backinfile/.gradle/caches/modules-2/files-2.1/com.github.almasb/fxgl/11.17/206906ee5d1b948952e85fe43e36ee9a9a6dea00/fxgl-11.17.jar!/fxglassets/ui/fonts/VarelaRound-Regular.ttf
01:05:35.410 [FXGL Background Thread 1 ] DEBUG FXGLAssetLoaderServi - Loading from file system: jar:file:/C:/Users/backinfile/.gradle/caches/modules-2/files-2.1/com.github.almasb/fxgl/11.17/206906ee5d1b948952e85fe43e36ee9a9a6dea00/fxgl-11.17.jar!/fxglassets/languages/english.lang
01:05:35.423 [FXGL Background Thread 1 ] INFO  FXGLApplication      - FXGL initialization took: 0.563 sec
01:05:35.424 [JavaFX Application Thread] DEBUG FXGLAssetLoaderServi - Loading from file system: jar:file:/C:/Users/backinfile/.gradle/caches/modules-2/files-2.1/com.github.almasb/fxgl/11.17/206906ee5d1b948952e85fe43e36ee9a9a6dea00/fxgl-11.17.jar!/fxglassets/textures/fxgl_icon.png
01:05:35.468 [JavaFX Application Thread] DEBUG FXGLAssetLoaderServi - Loading from file system: jar:file:/C:/Users/backinfile/.gradle/caches/modules-2/files-2.1/com.github.almasb/fxgl/11.17/206906ee5d1b948952e85fe43e36ee9a9a6dea00/fxgl-11.17.jar!/fxglassets/textures/fxgl_default_cursor.png
01:05:35.485 [JavaFX Application Thread] DEBUG Input                - Registered new binding: Screenshot - CTRL+8
01:05:35.486 [JavaFX Application Thread] DEBUG Input                - Registered new binding: System info dump - CTRL+9
01:05:35.487 [JavaFX Application Thread] DEBUG Input                - Registered new binding: Restart - CTRL+R
01:05:35.487 [JavaFX Application Thread] DEBUG Input                - Registered new binding: Toggle Debug Camera - CTRL+C
01:05:35.489 [JavaFX Application Thread] DEBUG LoopRunner           - Starting loop
01:05:35.489 [JavaFX Application Thread] DEBUG LoopRunner           - Initializing JavaFX AnimationTimerLoop
01:05:35.491 [JavaFX Application Thread] DEBUG GameApplicationServi - Starting new game
01:05:35.492 [JavaFX Application Thread] DEBUG Input                - Clearing active input actions
01:05:35.506 [JavaFX Application Thread] DEBUG GameApplicationServi - Removing overlay from FXGLStartupScene and adding to FXGLLoadingScene
01:05:35.506 [JavaFX Application Thread] DEBUG PrimaryStageWindow   - FXGLStartupScene -> FXGLLoadingScene
01:05:35.506 [JavaFX Application Thread] DEBUG GameApplicationServi - Clearing previous game
01:05:35.506 [JavaFX Application Thread] DEBUG GameScene            - Clearing game scene
01:05:35.506 [JavaFX Application Thread] DEBUG GameWorld            - Clearing game world
01:05:35.506 [JavaFX Application Thread] DEBUG PhysicsWorld         - Clearing physics world
01:05:35.507 [FXGL Background Thread 1 ] DEBUG FXGLApplication      - Initializing game
01:05:36.206 [FXGL Background Thread 1 ] INFO  FXGLApplication      - Game initialization took: 0.698 sec
01:05:36.214 [JavaFX Application Thread] DEBUG Input                - Clearing active input actions
01:05:36.228 [JavaFX Application Thread] DEBUG GameApplicationServi - Removing overlay from FXGLLoadingScene and adding to GameScene
01:05:36.229 [JavaFX Application Thread] DEBUG PrimaryStageWindow   - FXGLLoadingScene -> GameScene
01:05:36.297 [FXGL Background Thread 4 ] DEBUG FXGLAssetLoaderServi - Loading from file system: jar:file:/C:/Users/backinfile/.gradle/caches/modules-2/files-2.1/com.github.almasb/fxgl/11.17/206906ee5d1b948952e85fe43e36ee9a9a6dea00/fxgl-11.17.jar!/fxglassets/ui/fonts/Abel-Regular.ttf
01:05:36.302 [FXGL Background Thread 4 ] DEBUG FXGLAssetLoaderServi - Loading from file system: jar:file:/C:/Users/backinfile/.gradle/caches/modules-2/files-2.1/com.github.almasb/fxgl/11.17/206906ee5d1b948952e85fe43e36ee9a9a6dea00/fxgl-11.17.jar!/fxglassets/ui/fonts/lucida_console.ttf
01:05:36.308 [FXGL Background Thread 4 ] DEBUG FXGLAssetLoaderServi - Loading from file system: jar:file:/C:/Users/backinfile/.gradle/caches/modules-2/files-2.1/com.github.almasb/fxgl/11.17/206906ee5d1b948952e85fe43e36ee9a9a6dea00/fxgl-11.17.jar!/fxglassets/ui/fonts/Courier-Prime.ttf
01:05:36.316 [JavaFX Application Thread] DEBUG FXGLApplication      - Registering font factories with UI factory
01:05:37.732 [JavaFX Application Thread] DEBUG FXGLAssetLoaderServi - Loading from file system: file:/C:/Github/KnightRougeCardGame/build/resources/main/assets/textures/fire_tmp_1.png
01:05:37.771 [JavaFX Application Thread] DEBUG FXGLAssetLoaderServi - Loading from file system: file:/C:/Github/KnightRougeCardGame/build/resources/main/assets/textures/edge_1.png
01:05:37.774 [JavaFX Application Thread] DEBUG FXGLAssetLoaderServi - Loading from file system: file:/C:/Github/KnightRougeCardGame/build/resources/main/assets/textures/mana_1.png
01:05:38.408 [FXGL Background Thread 3 ] DEBUG Engine               - Logging environment variables
01:05:38.408 [FXGL Background Thread 3 ] DEBUG Engine               - achievements: []
01:05:38.408 [FXGL Background Thread 3 ] DEBUG Engine               - actualHeight: 768.0
01:05:38.408 [FXGL Background Thread 3 ] DEBUG Engine               - actualHeightProperty: ReadOnlyDoubleProperty [value: 768.0]
01:05:38.408 [FXGL Background Thread 3 ] DEBUG Engine               - actualWidth: 1280.0
01:05:38.408 [FXGL Background Thread 3 ] DEBUG Engine               - actualWidthProperty: ReadOnlyDoubleProperty [value: 1280.0]
01:05:38.408 [FXGL Background Thread 3 ] DEBUG Engine               - appIcon: fxgl_icon.png
01:05:38.408 [FXGL Background Thread 3 ] DEBUG Engine               - applicationMode: DEVELOPER
01:05:38.408 [FXGL Background Thread 3 ] DEBUG Engine               - cSSList: [fxgl_dark.css]
01:05:38.408 [FXGL Background Thread 3 ] DEBUG Engine               - collisionDetectionStrategy: BRUTE_FORCE
01:05:38.408 [FXGL Background Thread 3 ] DEBUG Engine               - configClass: Optional.empty
01:05:38.408 [FXGL Background Thread 3 ] DEBUG Engine               - credits: []
01:05:38.409 [FXGL Background Thread 3 ] DEBUG Engine               - defaultCursor: CursorInfo(imageName=fxgl_default_cursor.png, hotspotX=7.0, hotspotY=6.0)
01:05:38.409 [FXGL Background Thread 3 ] DEBUG Engine               - devBBoxColorProperty: ObjectProperty [value: 0xff0000ff]
01:05:38.409 [FXGL Background Thread 3 ] DEBUG Engine               - devEnableDebugCameraProperty: BooleanProperty [value: false]
01:05:38.409 [FXGL Background Thread 3 ] DEBUG Engine               - devSensorColorProperty: ObjectProperty [value: 0xffff00ff]
01:05:38.409 [FXGL Background Thread 3 ] DEBUG Engine               - devShowBBoxProperty: BooleanProperty [value: false]
01:05:38.409 [FXGL Background Thread 3 ] DEBUG Engine               - devShowPositionProperty: BooleanProperty [value: false]
01:05:38.409 [FXGL Background Thread 3 ] DEBUG Engine               - enabledMenuItems: []
01:05:38.409 [FXGL Background Thread 3 ] DEBUG Engine               - engineServices: [class com.almasb.fxgl.app.services.FXGLAssetLoaderService, class com.almasb.fxgl.app.FXGLApplication$GameApplicationService, class com.almasb.fxgl.app.services.FXGLDialogService, class com.almasb.fxgl.app.services.IOTaskExecutorService, class com.almasb.fxgl.io.FileSystemService, class com.almasb.fxgl.localization.LocalizationService, class com.almasb.fxgl.app.services.SystemBundleService, class com.almasb.fxgl.profile.SaveLoadService, class com.almasb.fxgl.ui.FXGLUIFactoryServiceProvider, class com.almasb.fxgl.ui.FXGLDialogFactoryServiceProvider, class com.almasb.fxgl.audio.AudioPlayer, class com.almasb.fxgl.notification.impl.NotificationServiceProvider, class com.almasb.fxgl.achievement.AchievementService, class com.almasb.fxgl.cutscene.CutsceneService, class com.almasb.fxgl.minigames.MiniGameService, class com.almasb.fxgl.net.NetService, class com.almasb.fxgl.app.services.UpdaterService, class com.almasb.fxgl.dev.DevService]
01:05:38.409 [FXGL Background Thread 3 ] DEBUG Engine               - fontGame: Abel-Regular.ttf
01:05:38.409 [FXGL Background Thread 3 ] DEBUG Engine               - fontMono: lucida_console.ttf
01:05:38.409 [FXGL Background Thread 3 ] DEBUG Engine               - fontText: Courier-Prime.ttf
01:05:38.409 [FXGL Background Thread 3 ] DEBUG Engine               - fontUI: VarelaRound-Regular.ttf
01:05:38.410 [FXGL Background Thread 3 ] DEBUG Engine               - fullScreen: BooleanProperty [value: false]
01:05:38.410 [FXGL Background Thread 3 ] DEBUG Engine               - gameDifficulty: MEDIUM
01:05:38.410 [FXGL Background Thread 3 ] DEBUG Engine               - gameDifficultyProperty: ObjectProperty [value: MEDIUM]
01:05:38.410 [FXGL Background Thread 3 ] DEBUG Engine               - globalMusicVolume: 0.5
01:05:38.410 [FXGL Background Thread 3 ] DEBUG Engine               - globalMusicVolumeProperty: DoubleProperty [value: 0.5]
01:05:38.410 [FXGL Background Thread 3 ] DEBUG Engine               - globalSoundVolume: 0.5
01:05:38.410 [FXGL Background Thread 3 ] DEBUG Engine               - globalSoundVolumeProperty: DoubleProperty [value: 0.5]
01:05:38.410 [FXGL Background Thread 3 ] DEBUG Engine               - height: 768
01:05:38.410 [FXGL Background Thread 3 ] DEBUG Engine               - is3D: false
01:05:38.410 [FXGL Background Thread 3 ] DEBUG Engine               - isAndroid: false
01:05:38.410 [FXGL Background Thread 3 ] DEBUG Engine               - isBrowser: false
01:05:38.410 [FXGL Background Thread 3 ] DEBUG Engine               - isClickFeedbackEnabled: false
01:05:38.410 [FXGL Background Thread 3 ] DEBUG Engine               - isCloseConfirmation: false
01:05:38.410 [FXGL Background Thread 3 ] DEBUG Engine               - isDesktop: true
01:05:38.410 [FXGL Background Thread 3 ] DEBUG Engine               - isDeveloperMenuEnabled: false
01:05:38.411 [FXGL Background Thread 3 ] DEBUG Engine               - isEntityPreloadEnabled: true
01:05:38.411 [FXGL Background Thread 3 ] DEBUG Engine               - isExperimentalTiledLargeMap: false
01:05:38.411 [FXGL Background Thread 3 ] DEBUG Engine               - isFileSystemWriteAllowed: true
01:05:38.411 [FXGL Background Thread 3 ] DEBUG Engine               - isFullScreenAllowed: false
01:05:38.411 [FXGL Background Thread 3 ] DEBUG Engine               - isFullScreenFromStart: false
01:05:38.411 [FXGL Background Thread 3 ] DEBUG Engine               - isGameMenuEnabled: true
01:05:38.411 [FXGL Background Thread 3 ] DEBUG Engine               - isIOS: false
01:05:38.411 [FXGL Background Thread 3 ] DEBUG Engine               - isIntroEnabled: false
01:05:38.411 [FXGL Background Thread 3 ] DEBUG Engine               - isLinux: false
01:05:38.411 [FXGL Background Thread 3 ] DEBUG Engine               - isMac: false
01:05:38.411 [FXGL Background Thread 3 ] DEBUG Engine               - isMainMenuEnabled: false
01:05:38.411 [FXGL Background Thread 3 ] DEBUG Engine               - isManualResizeEnabled: false
01:05:38.411 [FXGL Background Thread 3 ] DEBUG Engine               - isMobile: false
01:05:38.411 [FXGL Background Thread 3 ] DEBUG Engine               - isNative: false
01:05:38.411 [FXGL Background Thread 3 ] DEBUG Engine               - isPauseMusicWhenMinimized: true
01:05:38.411 [FXGL Background Thread 3 ] DEBUG Engine               - isPreserveResizeRatio: false
01:05:38.411 [FXGL Background Thread 3 ] DEBUG Engine               - isProfilingEnabled: false
01:05:38.411 [FXGL Background Thread 3 ] DEBUG Engine               - isScaleAffectedOnResize: true
01:05:38.412 [FXGL Background Thread 3 ] DEBUG Engine               - isSingleStep: false
01:05:38.412 [FXGL Background Thread 3 ] DEBUG Engine               - isUserProfileEnabled: false
01:05:38.412 [FXGL Background Thread 3 ] DEBUG Engine               - isWindows: true
01:05:38.412 [FXGL Background Thread 3 ] DEBUG Engine               - language: ObjectProperty [value: ENGLISH]
01:05:38.412 [FXGL Background Thread 3 ] DEBUG Engine               - menuKey: ESCAPE
01:05:38.412 [FXGL Background Thread 3 ] DEBUG Engine               - mouseSensitivity: 0.2
01:05:38.412 [FXGL Background Thread 3 ] DEBUG Engine               - notificationViewClass: class com.almasb.fxgl.notification.view.XboxNotificationView
01:05:38.412 [FXGL Background Thread 3 ] DEBUG Engine               - pixelsPerMeter: 50.0
01:05:38.412 [FXGL Background Thread 3 ] DEBUG Engine               - platform: WINDOWS
01:05:38.412 [FXGL Background Thread 3 ] DEBUG Engine               - prefHeightProperty: ReadOnlyDoubleProperty [value: 768.0]
01:05:38.412 [FXGL Background Thread 3 ] DEBUG Engine               - prefWidthProperty: ReadOnlyDoubleProperty [value: 1280.0]
01:05:38.412 [FXGL Background Thread 3 ] DEBUG Engine               - profileDir: profiles/
01:05:38.412 [FXGL Background Thread 3 ] DEBUG Engine               - profileName: StringProperty [value: DEFAULT]
01:05:38.412 [FXGL Background Thread 3 ] DEBUG Engine               - randomSeed: -1
01:05:38.412 [FXGL Background Thread 3 ] DEBUG Engine               - runtimeInfo: RuntimeInfo(platform=WINDOWS, version=11.17, build=16.07.2021 15.46)
01:05:38.412 [FXGL Background Thread 3 ] DEBUG Engine               - saveFileExt: sav
01:05:38.412 [FXGL Background Thread 3 ] DEBUG Engine               - scaledHeightProp$fxgl: DoubleProperty [bound, value: 768.0]
01:05:38.412 [FXGL Background Thread 3 ] DEBUG Engine               - scaledWidthProp$fxgl: DoubleProperty [bound, value: 1280.0]
01:05:38.412 [FXGL Background Thread 3 ] DEBUG Engine               - sceneFactory: com.almasb.fxgl.app.scene.SceneFactory@45c953cf
01:05:38.413 [FXGL Background Thread 3 ] DEBUG Engine               - secondsIn24h: 60
01:05:38.413 [FXGL Background Thread 3 ] DEBUG Engine               - soundMenuBack: menu/back.wav
01:05:38.413 [FXGL Background Thread 3 ] DEBUG Engine               - soundMenuPress: menu/press.wav
01:05:38.413 [FXGL Background Thread 3 ] DEBUG Engine               - soundMenuSelect: menu/select.wav
01:05:38.413 [FXGL Background Thread 3 ] DEBUG Engine               - soundNotification: core/notification.wav
01:05:38.413 [FXGL Background Thread 3 ] DEBUG Engine               - stageStyle: DECORATED
01:05:38.413 [FXGL Background Thread 3 ] DEBUG Engine               - supportedLanguages: [ENGLISH, FRENCH, GERMAN, HUNGARIAN, RUSSIAN]
01:05:38.413 [FXGL Background Thread 3 ] DEBUG Engine               - ticksPerSecond: -1
01:05:38.413 [FXGL Background Thread 3 ] DEBUG Engine               - title: knight
01:05:38.413 [FXGL Background Thread 3 ] DEBUG Engine               - urlGithub: https://github.com/AlmasB/FXGL
01:05:38.413 [FXGL Background Thread 3 ] DEBUG Engine               - urlLeaderboard: http://fxgl-top.herokuapp.com/
01:05:38.413 [FXGL Background Thread 3 ] DEBUG Engine               - urlPOM: https://raw.githubusercontent.com/AlmasB/FXGL/release/README.md
01:05:38.413 [FXGL Background Thread 3 ] DEBUG Engine               - userAppClass: class com.backinfile.knight.GameLauncher
01:05:38.413 [FXGL Background Thread 3 ] DEBUG Engine               - version: 0.1
01:05:38.413 [FXGL Background Thread 3 ] DEBUG Engine               - versionCheckDays: 7
01:05:38.413 [FXGL Background Thread 3 ] DEBUG Engine               - width: 1280
01:05:38.413 [FXGL Background Thread 3 ] DEBUG Engine               - Logging services
01:05:38.413 [FXGL Background Thread 3 ] DEBUG Engine               - class com.almasb.fxgl.app.services.FXGLAssetLoaderService
01:05:38.413 [FXGL Background Thread 3 ] DEBUG Engine               - class com.almasb.fxgl.app.FXGLApplication$GameApplicationService
01:05:38.413 [FXGL Background Thread 3 ] DEBUG Engine               - class com.almasb.fxgl.app.services.FXGLDialogService
01:05:38.413 [FXGL Background Thread 3 ] DEBUG Engine               - class com.almasb.fxgl.app.services.IOTaskExecutorService
01:05:38.414 [FXGL Background Thread 3 ] DEBUG Engine               - class com.almasb.fxgl.io.FileSystemService
01:05:38.414 [FXGL Background Thread 3 ] DEBUG Engine               - class com.almasb.fxgl.localization.LocalizationService
01:05:38.414 [FXGL Background Thread 3 ] DEBUG Engine               - class com.almasb.fxgl.app.services.SystemBundleService
01:05:38.414 [FXGL Background Thread 3 ] DEBUG Engine               - class com.almasb.fxgl.profile.SaveLoadService
01:05:38.414 [FXGL Background Thread 3 ] DEBUG Engine               - class com.almasb.fxgl.ui.FXGLUIFactoryServiceProvider
01:05:38.414 [FXGL Background Thread 3 ] DEBUG Engine               - class com.almasb.fxgl.ui.FXGLDialogFactoryServiceProvider
01:05:38.414 [FXGL Background Thread 3 ] DEBUG Engine               - class com.almasb.fxgl.audio.AudioPlayer
01:05:38.414 [FXGL Background Thread 3 ] DEBUG Engine               - class com.almasb.fxgl.notification.impl.NotificationServiceProvider
01:05:38.414 [FXGL Background Thread 3 ] DEBUG Engine               - class com.almasb.fxgl.achievement.AchievementService
01:05:38.414 [FXGL Background Thread 3 ] DEBUG Engine               - class com.almasb.fxgl.cutscene.CutsceneService
01:05:38.414 [FXGL Background Thread 3 ] DEBUG Engine               - class com.almasb.fxgl.minigames.MiniGameService
01:05:38.414 [FXGL Background Thread 3 ] DEBUG Engine               - class com.almasb.fxgl.net.NetService
01:05:38.414 [FXGL Background Thread 3 ] DEBUG Engine               - class com.almasb.fxgl.app.services.UpdaterService
01:05:38.414 [FXGL Background Thread 3 ] DEBUG Engine               - class com.almasb.fxgl.dev.DevService
01:05:42.096 [JavaFX Application Thread] DEBUG FXGLApplication      - Exiting FXGL
01:05:42.096 [JavaFX Application Thread] DEBUG LoopRunner           - Stopping loop
01:05:42.096 [JavaFX Application Thread] DEBUG SystemBundleService  - Saving FXGL system data
01:05:42.098 [JavaFX Application Thread] DEBUG FileSystemAccess     - Writing to: C:\Github\KnightRougeCardGame\src\main\resources\system\fxgl.bundle
01:05:42.099 [JavaFX Application Thread] DEBUG Async                - Shutting down background threads
01:05:42.100 [JavaFX Application Thread] DEBUG PrimaryStageWindow   - Closing main window
01:05:42.109 [JavaFX Application Thread] DEBUG Logger               - Closing Logger
